#
# A fatal error has been detected by the Java Runtime Environment:
#
#  EXCEPTION_ACCESS_VIOLATION (0xc0000005) at pc=0x000000007706c9c5, pid=3284, tid=5720
#
# JRE version: 6.0_16-b01
# Java VM: Java HotSpot(TM) 64-Bit Server VM (14.2-b01 mixed mode windows-amd64 )
# Problematic frame:
# C  [ntdll.dll+0x4c9c5]
#
# If you would like to submit a bug report, please visit:
#   http://java.sun.com/webapps/bugreport/crash.jsp
#

---------------  T H R E A D  ---------------

Current thread (0x00000000005f9000):  JavaThread "main" [_thread_in_Java, id=5720, stack(0x0000000002550000,0x0000000002650000)]

siginfo: ExceptionCode=0xc0000005, reading address 0xffffffffffffffff

Registers:
EAX=0x000000000264d768, EBX=0x0000000000000002, ECX=0x000000000264d838, EDX=0x000000000264d7a8
ESP=0x000000000264d758, EBP=0x000007feeb18ef40, ESI=0x0000000000000020, EDI=0x0000000000000000
EIP=0x000000007706c9c5, EFLAGS=0x0000000000010202

Top of Stack: (sp=0x000000000264d758)
0x000000000264d758:   0000000000000202 000000007702aa79
0x000000000264d768:   000007fffffdc000 0000000080228750
0x000000000264d778:   000000006d91a496 00000000005f9b70
0x000000000264d788:   0000000000000002 0000000006dc36a0
0x000000000264d798:   00000000074dbdc0 0000000000000000
0x000000000264d7a8:   0000000002650000 0000000002644000
0x000000000264d7b8:   0000000502644000 0000000200000003
0x000000000264d7c8:   0000000006e1fe90 0000000006c4d330
0x000000000264d7d8:   000000000264dfe0 00000000026c8c5c
0x000000000264d7e8:   00000000026c7bd0 0000000000000000
0x000000000264d7f8:   0000000000000000 000000000264dfe0
0x000000000264d808:   000000000264dfb0 0000000002686f7a
0x000000000264d818:   0000000002686f10 0000000000000000
0x000000000264d828:   0000000000000000 000000000264dfb0
0x000000000264d838:   000000000264e080 0000000002655ac2
0x000000000264d848:   0000000002654e90 0000000000000000 

Instructions: (pc=0x000000007706c9c5)
0x000000007706c9b5:   00 00 4c 89 b1 e8 00 00 00 4c 89 b9 f0 00 00 00
0x000000007706c9c5:   0f ae 81 00 01 00 00 0f 29 81 a0 01 00 00 0f 29 


Stack: [0x0000000002550000,0x0000000002650000],  sp=0x000000000264d758,  free space=1013k
Native frames: (J=compiled Java code, j=interpreted, Vv=VM code, C=native code)
C  [ntdll.dll+0x4c9c5]

Java frames: (J=compiled Java code, j=interpreted, Vv=VM code)
v  blob 0x0000000002687039
j  java.util.jar.Attributes.putValue(Ljava/lang/String;Ljava/lang/String;)Ljava/lang/String;+13
j  java.util.jar.Attributes.read(Ljava/util/jar/Manifest$FastInputStream;[B)V+301
j  java.util.jar.Manifest.read(Ljava/io/InputStream;)V+21
j  java.util.jar.Manifest.<init>(Ljava/io/InputStream;)V+28
j  java.util.jar.JarFile.getManifestFromReference()Ljava/util/jar/Manifest;+60
j  java.util.jar.JarFile.getManifest()Ljava/util/jar/Manifest;+1
j  sun.net.www.protocol.jar.URLJarFile.isSuperMan()Z+9
j  sun.net.www.protocol.jar.URLJarFile.getManifest()Ljava/util/jar/Manifest;+1
j  java.util.jar.JarFile.maybeInstantiateVerifier()V+70
j  java.util.jar.JarFile.getInputStream(Ljava/util/zip/ZipEntry;)Ljava/io/InputStream;+1
j  sun.net.www.protocol.jar.JarURLConnection.getInputStream()Ljava/io/InputStream;+88
j  java.net.URL.openStream()Ljava/io/InputStream;+4
j  org.eclipse.osgi.baseadaptor.HookRegistry.mergeFileHookConfigurators(Ljava/util/ArrayList;Ljava/util/ArrayList;)V+88
j  org.eclipse.osgi.baseadaptor.HookRegistry.initialize()[Lorg/eclipse/osgi/framework/log/FrameworkLogEntry;+21
j  org.eclipse.osgi.baseadaptor.BaseAdaptor.<init>([Ljava/lang/String;)V+29
v  ~StubRoutines::call_stub
j  sun.reflect.NativeConstructorAccessorImpl.newInstance0(Ljava/lang/reflect/Constructor;[Ljava/lang/Object;)Ljava/lang/Object;+0
j  sun.reflect.NativeConstructorAccessorImpl.newInstance([Ljava/lang/Object;)Ljava/lang/Object;+72
j  sun.reflect.DelegatingConstructorAccessorImpl.newInstance([Ljava/lang/Object;)Ljava/lang/Object;+5
j  java.lang.reflect.Constructor.newInstance([Ljava/lang/Object;)Ljava/lang/Object;+92
j  org.eclipse.core.runtime.adaptor.EclipseStarter.createAdaptor()Lorg/eclipse/osgi/framework/adaptor/FrameworkAdaptor;+72
j  org.eclipse.core.runtime.adaptor.EclipseStarter.startup([Ljava/lang/String;Ljava/lang/Runnable;)Lorg/osgi/framework/BundleContext;+65
j  org.eclipse.core.runtime.adaptor.EclipseStarter.run([Ljava/lang/String;Ljava/lang/Runnable;)Ljava/lang/Object;+34
v  ~StubRoutines::call_stub
j  sun.reflect.NativeMethodAccessorImpl.invoke0(Ljava/lang/reflect/Method;Ljava/lang/Object;[Ljava/lang/Object;)Ljava/lang/Object;+0
j  sun.reflect.NativeMethodAccessorImpl.invoke(Ljava/lang/Object;[Ljava/lang/Object;)Ljava/lang/Object;+87
j  sun.reflect.DelegatingMethodAccessorImpl.invoke(Ljava/lang/Object;[Ljava/lang/Object;)Ljava/lang/Object;+6
j  java.lang.reflect.Method.invoke(Ljava/lang/Object;[Ljava/lang/Object;)Ljava/lang/Object;+161
j  org.eclipse.equinox.launcher.Main.invokeFramework([Ljava/lang/String;[Ljava/net/URL;)V+211
j  org.eclipse.equinox.launcher.Main.basicRun([Ljava/lang/String;)V+114
j  org.eclipse.equinox.launcher.Main.run([Ljava/lang/String;)I+4
j  org.eclipse.equinox.launcher.Main.main([Ljava/lang/String;)V+10
v  ~StubRoutines::call_stub

---------------  P R O C E S S  ---------------

Java Threads: ( => current thread )
  0x0000000006a48800 JavaThread "Low Memory Detector" daemon [_thread_blocked, id=3672, stack(0x0000000007230000,0x0000000007330000)]
  0x0000000006a38000 JavaThread "CompilerThread1" daemon [_thread_blocked, id=5980, stack(0x0000000007130000,0x0000000007230000)]
  0x0000000006a34000 JavaThread "CompilerThread0" daemon [_thread_blocked, id=6096, stack(0x0000000007030000,0x0000000007130000)]
  0x0000000006a31000 JavaThread "Attach Listener" daemon [_thread_blocked, id=4080, stack(0x0000000006f30000,0x0000000007030000)]
  0x0000000006a30800 JavaThread "Signal Dispatcher" daemon [_thread_blocked, id=3616, stack(0x0000000006e30000,0x0000000006f30000)]
  0x00000000067b2800 JavaThread "Finalizer" daemon [_thread_blocked, id=3456, stack(0x0000000006930000,0x0000000006a30000)]
  0x00000000067ac800 JavaThread "Reference Handler" daemon [_thread_blocked, id=1360, stack(0x0000000006830000,0x0000000006930000)]
=>0x00000000005f9000 JavaThread "main" [_thread_in_Java, id=5720, stack(0x0000000002550000,0x0000000002650000)]

Other Threads:
  0x00000000067a1800 VMThread [stack: 0x00000000064a0000,0x00000000065a0000] [id=4804]
  0x0000000006a4b800 WatcherThread [stack: 0x0000000007330000,0x0000000007430000] [id=5772]

VM state:not at safepoint (normal execution)

VM Mutex/Monitor currently owned by a thread: None

Heap
 PSYoungGen      total 28672K, used 8195K [0x00000000cfff0000, 0x00000000d1ff0000, 0x00000000efff0000)
  eden space 24576K, 33% used [0x00000000cfff0000,0x00000000d07f0d40,0x00000000d17f0000)
  from space 4096K, 0% used [0x00000000d1bf0000,0x00000000d1bf0000,0x00000000d1ff0000)
  to   space 4096K, 0% used [0x00000000d17f0000,0x00000000d17f0000,0x00000000d1bf0000)
 PSOldGen        total 65536K, used 0K [0x000000008fff0000, 0x0000000093ff0000, 0x00000000cfff0000)
  object space 65536K, 0% used [0x000000008fff0000,0x000000008fff0000,0x0000000093ff0000)
 PSPermGen       total 21248K, used 5232K [0x000000007fff0000, 0x00000000814b0000, 0x000000008fff0000)
  object space 21248K, 24% used [0x000000007fff0000,0x000000008050c118,0x00000000814b0000)

Dynamic libraries:
0x0000000000400000 - 0x000000000042e000 	C:\Xilinx\12.4\ISE_DS\ISE\java6\nt64\jre\bin\java.exe
0x0000000077020000 - 0x00000000771ca000 	C:\Windows\SYSTEM32\ntdll.dll
0x0000000076e00000 - 0x0000000076f1f000 	C:\Windows\system32\kernel32.dll
0x000007fefcfd0000 - 0x000007fefd03b000 	C:\Windows\system32\KERNELBASE.dll
0x000007fefd2e0000 - 0x000007fefd3bb000 	C:\Windows\system32\ADVAPI32.dll
0x000007fefd440000 - 0x000007fefd4df000 	C:\Windows\system32\msvcrt.dll
0x000007fefeec0000 - 0x000007fefeedf000 	C:\Windows\SYSTEM32\sechost.dll
0x000007fefefc0000 - 0x000007feff0ed000 	C:\Windows\system32\RPCRT4.dll
0x000007fefcbe0000 - 0x000007fefcc37000 	C:\Windows\system32\apphelp.dll
0x000007feeaf30000 - 0x000007feeb397000 	C:\Windows\AppPatch\AppPatch64\AcXtrnal.DLL
0x000000006d7f0000 - 0x000000006de4d000 	C:\Xilinx\12.4\ISE_DS\ISE\java6\nt64\jre\bin\server\jvm.dll
0x0000000076f20000 - 0x000000007701a000 	C:\Windows\system32\USER32.dll
0x000007fefd160000 - 0x000007fefd1c7000 	C:\Windows\system32\GDI32.dll
0x000007fefeeb0000 - 0x000007fefeebe000 	C:\Windows\system32\LPK.dll
0x000007fefd710000 - 0x000007fefd7da000 	C:\Windows\system32\USP10.dll
0x000007fefa980000 - 0x000007fefa9bb000 	C:\Windows\system32\WINMM.dll
0x000007fefede0000 - 0x000007fefee0e000 	C:\Windows\system32\IMM32.DLL
0x000007fefd1d0000 - 0x000007fefd2d9000 	C:\Windows\system32\MSCTF.dll
0x000000006d760000 - 0x000000006d76e000 	C:\Xilinx\12.4\ISE_DS\ISE\java6\nt64\jre\bin\verify.dll
0x000000006d3b0000 - 0x000000006d3d7000 	C:\Xilinx\12.4\ISE_DS\ISE\java6\nt64\jre\bin\java.dll
0x000000006d310000 - 0x000000006d31a000 	C:\Xilinx\12.4\ISE_DS\ISE\java6\nt64\jre\bin\hpi.dll
0x00000000771e0000 - 0x00000000771e7000 	C:\Windows\system32\PSAPI.DLL
0x000000006d7b0000 - 0x000000006d7c2000 	C:\Xilinx\12.4\ISE_DS\ISE\java6\nt64\jre\bin\zip.dll
0x000007fefc8e0000 - 0x000007fefc8f8000 	C:\Windows\system32\CRYPTSP.dll
0x000007fefc270000 - 0x000007fefc2b7000 	C:\Windows\system32\rsaenh.dll
0x000007fefcdd0000 - 0x000007fefcdee000 	C:\Windows\system32\USERENV.dll
0x000007fefcda0000 - 0x000007fefcdaf000 	C:\Windows\system32\profapi.dll
0x000007fefcc40000 - 0x000007fefcc4f000 	C:\Windows\system32\CRYPTBASE.dll
0x000000006d600000 - 0x000000006d617000 	C:\Xilinx\12.4\ISE_DS\ISE\java6\nt64\jre\bin\net.dll
0x000007feff100000 - 0x000007feff14d000 	C:\Windows\system32\WS2_32.dll
0x000007feff0f0000 - 0x000007feff0f8000 	C:\Windows\system32\NSI.dll
0x000007fefc540000 - 0x000007fefc595000 	C:\Windows\system32\mswsock.dll
0x000007fefc520000 - 0x000007fefc527000 	C:\Windows\System32\wship6.dll
0x000007fefaa60000 - 0x000007fefaa75000 	C:\Windows\system32\NLAapi.dll
0x000007fef8be0000 - 0x000007fef8bf5000 	C:\Windows\system32\napinsp.dll
0x000007fef8bc0000 - 0x000007fef8bd9000 	C:\Windows\system32\pnrpnsp.dll
0x000007fefc3b0000 - 0x000007fefc40b000 	C:\Windows\system32\DNSAPI.dll
0x000007fef8bb0000 - 0x000007fef8bbb000 	C:\Windows\System32\winrnr.dll
0x000007fefc150000 - 0x000007fefc157000 	C:\Windows\System32\wshtcpip.dll
0x000007fefa390000 - 0x000007fefa3b7000 	C:\Windows\system32\IPHLPAPI.DLL
0x000007fefa380000 - 0x000007fefa38b000 	C:\Windows\system32\WINNSI.DLL
0x000007fef8270000 - 0x000007fef8278000 	C:\Windows\system32\rasadhlp.dll
0x000007fefa280000 - 0x000007fefa2d3000 	C:\Windows\System32\fwpuclnt.dll
0x0000000072000000 - 0x0000000072019000 	C:\Xilinx\12.4\ISE_DS\EDK\eclipse\nt64\eclipse\plugins\org.eclipse.equinox.launcher.win32.win32.x86_64_1.0.200.v20090519\eclipse_1206.dll
0x000007fefb670000 - 0x000007fefb864000 	C:\Windows\WinSxS\amd64_microsoft.windows.common-controls_6595b64144ccf1df_6.0.7601.18837_none_fa3b1e3d17594757\COMCTL32.dll
0x000007fefd3c0000 - 0x000007fefd431000 	C:\Windows\system32\SHLWAPI.dll
0x000007fefc530000 - 0x000007fefc53c000 	C:\Windows\system32\VERSION.dll
0x000007fefb470000 - 0x000007fefb4c6000 	C:\Windows\system32\uxtheme.dll
0x000007fefd4e0000 - 0x000007fefd6e3000 	C:\Windows\system32\ole32.dll
0x000007fefd7e0000 - 0x000007fefd879000 	C:\Windows\system32\CLBCatQ.DLL
0x000007fefeee0000 - 0x000007fefefb8000 	C:\Windows\system32\OLEAUT32.dll

VM Arguments:
jvm_args: -Dfile.encoding=UTF-8 -Dcom.xilinx.sdk.args.hwspec=C:\bounce_2\SDK\SDK_Export\hw\system.xml -XX:MaxPermSize=256m 
java_command: C:\Xilinx\12.4\ISE_DS\EDK\eclipse\nt64\eclipse\\plugins/org.eclipse.equinox.launcher_1.0.201.R35x_v20090715.jar -os win32 -ws win32 -arch x86_64 -showsplash -launcher C:\Xilinx\12.4\ISE_DS\EDK\eclipse\nt64\eclipse\eclipse.exe -name Eclipse --launcher.library C:\Xilinx\12.4\ISE_DS\EDK\eclipse\nt64\eclipse\\plugins/org.eclipse.equinox.launcher.win32.win32.x86_64_1.0.200.v20090519\eclipse_1206.dll -startup C:\Xilinx\12.4\ISE_DS\EDK\eclipse\nt64\eclipse\\plugins/org.eclipse.equinox.launcher_1.0.201.R35x_v20090715.jar -exitdata 7d0_5c -data C:\bounce_2\SDK\SDK_Workspace_35\ -vm C:\Xilinx\12.4\ISE_DS\ISE\java6\nt64\jre\bin\java.exe -vmargs -Dfile.encoding=UTF-8 -Dcom.xilinx.sdk.args.hwspec=C:\bounce_2\SDK\SDK_Export\hw\system.xml -XX:MaxPermSize=256m -jar C:\Xilinx\12.4\ISE_DS\EDK\eclipse\nt64\eclipse\\plugins/org.eclipse.equinox.launcher_1.0.201.R35x_v20090715.jar
Launcher Type: SUN_STANDARD

Environment Variables:
PATH=C:\Xilinx\12.4\ISE_DS\EDK\lib\nt64;C:\Xilinx\12.4\ISE_DS\common\lib\nt64;C:\Xilinx\12.4\ISE_DS\ISE\lib\nt64;C:\Xilinx\12.4\ISE_DS\EDK\bin\nt64;C:\Xilinx\12.4\ISE_DS\common\bin\nt64;C:\Xilinx\12.4\ISE_DS\ISE\bin\nt64;C:\Xilinx\12.4\ISE_DS\EDK\gnu\microblaze\nt64\bin;C:\Xilinx\12.4\ISE_DS\EDK\gnu\powerpc-eabi\nt64\bin;C:\Xilinx\12.4\ISE_DS\EDK\cygwin\bin;C:\Xilinx\12.4\ISE_DS\ISE\\bin\nt64;C:\Xilinx\12.4\ISE_DS\ISE\\lib\nt64;C:\Xilinx\12.4\ISE_DS\PlanAhead\bin;C:\ProgramData\Oracle\Java\javapath;C:\windows\scripts;C:\Program Files (x86)\Microchip\xc16\v1.21\bin;C:\windows\system32;C:\Program Files (x86)\Microsoft SQL Server\100\Tools\Binn\;C:\Program Files\Microsoft SQL Server\100\Tools\Binn\;C:\Program Files\Microsoft SQL Server\100\DTS\Binn\;C:\Windows\System32\WindowsPowerShell\v1.0\;C:\Program Files (x86)\Skype\Phone\;C:\SIMULIA\Abaqus\Commands
USERNAME=cdmvansc
OS=Windows_NT
PROCESSOR_IDENTIFIER=Intel64 Family 6 Model 26 Stepping 5, GenuineIntel



---------------  S Y S T E M  ---------------

OS: Windows 7 Build 7601 Service Pack 1

CPU:total 8 (8 cores per cpu, 2 threads per core) family 6 model 26 stepping 5, cmov, cx8, fxsr, mmx, sse, sse2, sse3, ssse3, sse4.1, sse4.2, ht

Memory: 4k page, physical 6288984k(4270076k free), swap 12576132k(10295240k free)

vm_info: Java HotSpot(TM) 64-Bit Server VM (14.2-b01) for windows-amd64 JRE (1.6.0_16-b01), built on Jul 31 2009 05:24:11 by "java_re" with MS VC++ 8.0

time: Mon May 30 16:26:25 2016
elapsed time: 0 seconds

