#
# A fatal error has been detected by the Java Runtime Environment:
#
#  EXCEPTION_ACCESS_VIOLATION (0xc0000005) at pc=0x000000007772c9c5, pid=2068, tid=1316
#
# JRE version: 6.0_16-b01
# Java VM: Java HotSpot(TM) 64-Bit Server VM (14.2-b01 mixed mode windows-amd64 )
# Problematic frame:
# C  [ntdll.dll+0x4c9c5]
#
# If you would like to submit a bug report, please visit:
#   http://java.sun.com/webapps/bugreport/crash.jsp
#

---------------  T H R E A D  ---------------

Current thread (0x0000000000499000):  JavaThread "main" [_thread_in_Java, id=1316, stack(0x00000000024e0000,0x00000000025e0000)]

siginfo: ExceptionCode=0xc0000005, reading address 0xffffffffffffffff

Registers:
EAX=0x00000000025dd768, EBX=0x0000000000000002, ECX=0x00000000025dd838, EDX=0x00000000025dd7a8
ESP=0x00000000025dd758, EBP=0x000007fef048ec10, ESI=0x0000000000000020, EDI=0x0000000000000000
EIP=0x000000007772c9c5, EFLAGS=0x0000000000010202

Top of Stack: (sp=0x00000000025dd758)
0x00000000025dd758:   0000000000000202 00000000776eaa79
0x00000000025dd768:   000007fffffdb000 0000000080228750
0x00000000025dd778:   000000006d91a496 0000000000499b40
0x00000000025dd788:   0000000000000002 0000000006b68b90
0x00000000025dd798:   0000000007402150 0000000000000000
0x00000000025dd7a8:   00000000025e0000 00000000025d4000
0x00000000025dd7b8:   00000005025d4000 0000000200000003
0x00000000025dd7c8:   0000000006db3ec0 0000000006d83760
0x00000000025dd7d8:   00000000025ddfe0 0000000002658c9c
0x00000000025dd7e8:   0000000002657c10 0000000000000000
0x00000000025dd7f8:   0000000000000000 00000000025ddfe0
0x00000000025dd808:   00000000025ddfb0 0000000002616f7a
0x00000000025dd818:   0000000002616f10 0000000000000000
0x00000000025dd828:   0000000000000000 00000000025ddfb0
0x00000000025dd838:   00000000025de080 00000000025e5ac2
0x00000000025dd848:   00000000025e4e90 0000000000000000 

Instructions: (pc=0x000000007772c9c5)
0x000000007772c9b5:   00 00 4c 89 b1 e8 00 00 00 4c 89 b9 f0 00 00 00
0x000000007772c9c5:   0f ae 81 00 01 00 00 0f 29 81 a0 01 00 00 0f 29 


Stack: [0x00000000024e0000,0x00000000025e0000],  sp=0x00000000025dd758,  free space=1013k
Native frames: (J=compiled Java code, j=interpreted, Vv=VM code, C=native code)
C  [ntdll.dll+0x4c9c5]

Java frames: (J=compiled Java code, j=interpreted, Vv=VM code)
v  blob 0x0000000002617039
j  java.util.jar.Attributes.putValue(Ljava/lang/String;Ljava/lang/String;)Ljava/lang/String;+13
j  java.util.jar.Attributes.read(Ljava/util/jar/Manifest$FastInputStream;[B)V+301
j  java.util.jar.Manifest.read(Ljava/io/InputStream;)V+21
j  java.util.jar.Manifest.<init>(Ljava/io/InputStream;)V+28
j  java.util.jar.JarFile.getManifestFromReference()Ljava/util/jar/Manifest;+60
j  java.util.jar.JarFile.getManifest()Ljava/util/jar/Manifest;+1
j  sun.net.www.protocol.jar.URLJarFile.isSuperMan()Z+9
j  sun.net.www.protocol.jar.URLJarFile.getManifest()Ljava/util/jar/Manifest;+1
j  java.util.jar.JarFile.maybeInstantiateVerifier()V+70
j  java.util.jar.JarFile.getInputStream(Ljava/util/zip/ZipEntry;)Ljava/io/InputStream;+1
j  sun.net.www.protocol.jar.JarURLConnection.getInputStream()Ljava/io/InputStream;+88
j  java.net.URL.openStream()Ljava/io/InputStream;+4
j  org.eclipse.osgi.baseadaptor.HookRegistry.mergeFileHookConfigurators(Ljava/util/ArrayList;Ljava/util/ArrayList;)V+88
j  org.eclipse.osgi.baseadaptor.HookRegistry.initialize()[Lorg/eclipse/osgi/framework/log/FrameworkLogEntry;+21
j  org.eclipse.osgi.baseadaptor.BaseAdaptor.<init>([Ljava/lang/String;)V+29
v  ~StubRoutines::call_stub
j  sun.reflect.NativeConstructorAccessorImpl.newInstance0(Ljava/lang/reflect/Constructor;[Ljava/lang/Object;)Ljava/lang/Object;+0
j  sun.reflect.NativeConstructorAccessorImpl.newInstance([Ljava/lang/Object;)Ljava/lang/Object;+72
j  sun.reflect.DelegatingConstructorAccessorImpl.newInstance([Ljava/lang/Object;)Ljava/lang/Object;+5
j  java.lang.reflect.Constructor.newInstance([Ljava/lang/Object;)Ljava/lang/Object;+92
j  org.eclipse.core.runtime.adaptor.EclipseStarter.createAdaptor()Lorg/eclipse/osgi/framework/adaptor/FrameworkAdaptor;+72
j  org.eclipse.core.runtime.adaptor.EclipseStarter.startup([Ljava/lang/String;Ljava/lang/Runnable;)Lorg/osgi/framework/BundleContext;+65
j  org.eclipse.core.runtime.adaptor.EclipseStarter.run([Ljava/lang/String;Ljava/lang/Runnable;)Ljava/lang/Object;+34
v  ~StubRoutines::call_stub
j  sun.reflect.NativeMethodAccessorImpl.invoke0(Ljava/lang/reflect/Method;Ljava/lang/Object;[Ljava/lang/Object;)Ljava/lang/Object;+0
j  sun.reflect.NativeMethodAccessorImpl.invoke(Ljava/lang/Object;[Ljava/lang/Object;)Ljava/lang/Object;+87
j  sun.reflect.DelegatingMethodAccessorImpl.invoke(Ljava/lang/Object;[Ljava/lang/Object;)Ljava/lang/Object;+6
j  java.lang.reflect.Method.invoke(Ljava/lang/Object;[Ljava/lang/Object;)Ljava/lang/Object;+161
j  org.eclipse.equinox.launcher.Main.invokeFramework([Ljava/lang/String;[Ljava/net/URL;)V+211
j  org.eclipse.equinox.launcher.Main.basicRun([Ljava/lang/String;)V+114
j  org.eclipse.equinox.launcher.Main.run([Ljava/lang/String;)I+4
j  org.eclipse.equinox.launcher.Main.main([Ljava/lang/String;)V+10
v  ~StubRoutines::call_stub

---------------  P R O C E S S  ---------------

Java Threads: ( => current thread )
  0x00000000069e5000 JavaThread "Low Memory Detector" daemon [_thread_blocked, id=5188, stack(0x00000000071c0000,0x00000000072c0000)]
  0x00000000069d6800 JavaThread "CompilerThread1" daemon [_thread_blocked, id=3748, stack(0x00000000070c0000,0x00000000071c0000)]
  0x00000000069c4000 JavaThread "CompilerThread0" daemon [_thread_blocked, id=5112, stack(0x0000000006fc0000,0x00000000070c0000)]
  0x00000000069c1800 JavaThread "Attach Listener" daemon [_thread_blocked, id=1296, stack(0x0000000006ec0000,0x0000000006fc0000)]
  0x00000000069c0800 JavaThread "Signal Dispatcher" daemon [_thread_blocked, id=272, stack(0x0000000006dc0000,0x0000000006ec0000)]
  0x0000000006742800 JavaThread "Finalizer" daemon [_thread_blocked, id=5324, stack(0x00000000068c0000,0x00000000069c0000)]
  0x000000000673c800 JavaThread "Reference Handler" daemon [_thread_blocked, id=508, stack(0x00000000067c0000,0x00000000068c0000)]
=>0x0000000000499000 JavaThread "main" [_thread_in_Java, id=1316, stack(0x00000000024e0000,0x00000000025e0000)]

Other Threads:
  0x000000000672e000 VMThread [stack: 0x0000000006430000,0x0000000006530000] [id=1088]
  0x00000000069ea000 WatcherThread [stack: 0x00000000072c0000,0x00000000073c0000] [id=4436]

VM state:not at safepoint (normal execution)

VM Mutex/Monitor currently owned by a thread: None

Heap
 PSYoungGen      total 28672K, used 8204K [0x00000000cfff0000, 0x00000000d1ff0000, 0x00000000efff0000)
  eden space 24576K, 33% used [0x00000000cfff0000,0x00000000d07f3088,0x00000000d17f0000)
  from space 4096K, 0% used [0x00000000d1bf0000,0x00000000d1bf0000,0x00000000d1ff0000)
  to   space 4096K, 0% used [0x00000000d17f0000,0x00000000d17f0000,0x00000000d1bf0000)
 PSOldGen        total 65536K, used 0K [0x000000008fff0000, 0x0000000093ff0000, 0x00000000cfff0000)
  object space 65536K, 0% used [0x000000008fff0000,0x000000008fff0000,0x0000000093ff0000)
 PSPermGen       total 21248K, used 5232K [0x000000007fff0000, 0x00000000814b0000, 0x000000008fff0000)
  object space 21248K, 24% used [0x000000007fff0000,0x000000008050c118,0x00000000814b0000)

Dynamic libraries:
0x0000000000400000 - 0x000000000042e000 	C:\Xilinx\12.4\ISE_DS\ISE\java6\nt64\jre\bin\java.exe
0x00000000776e0000 - 0x000000007788a000 	C:\Windows\SYSTEM32\ntdll.dll
0x00000000775c0000 - 0x00000000776df000 	C:\Windows\system32\kernel32.dll
0x000007fefd540000 - 0x000007fefd5ab000 	C:\Windows\system32\KERNELBASE.dll
0x000007fefda80000 - 0x000007fefdb5b000 	C:\Windows\system32\ADVAPI32.dll
0x000007feff7c0000 - 0x000007feff85f000 	C:\Windows\system32\msvcrt.dll
0x000007feff9d0000 - 0x000007feff9ef000 	C:\Windows\SYSTEM32\sechost.dll
0x000007fefe140000 - 0x000007fefe26d000 	C:\Windows\system32\RPCRT4.dll
0x000007fefd2a0000 - 0x000007fefd2f7000 	C:\Windows\system32\apphelp.dll
0x000007fef0230000 - 0x000007fef0697000 	C:\Windows\AppPatch\AppPatch64\AcXtrnal.DLL
0x000000006d7f0000 - 0x000000006de4d000 	C:\Xilinx\12.4\ISE_DS\ISE\java6\nt64\jre\bin\server\jvm.dll
0x00000000774c0000 - 0x00000000775ba000 	C:\Windows\system32\USER32.dll
0x000007fefddf0000 - 0x000007fefde57000 	C:\Windows\system32\GDI32.dll
0x000007fefde60000 - 0x000007fefde6e000 	C:\Windows\system32\LPK.dll
0x000007feff8e0000 - 0x000007feff9aa000 	C:\Windows\system32\USP10.dll
0x000007fefb260000 - 0x000007fefb29b000 	C:\Windows\system32\WINMM.dll
0x000007feff790000 - 0x000007feff7be000 	C:\Windows\system32\IMM32.DLL
0x000007fefd8c0000 - 0x000007fefd9c9000 	C:\Windows\system32\MSCTF.dll
0x000000006d760000 - 0x000000006d76e000 	C:\Xilinx\12.4\ISE_DS\ISE\java6\nt64\jre\bin\verify.dll
0x000000006d3b0000 - 0x000000006d3d7000 	C:\Xilinx\12.4\ISE_DS\ISE\java6\nt64\jre\bin\java.dll
0x000000006d310000 - 0x000000006d31a000 	C:\Xilinx\12.4\ISE_DS\ISE\java6\nt64\jre\bin\hpi.dll
0x00000000778a0000 - 0x00000000778a7000 	C:\Windows\system32\PSAPI.DLL
0x000000006d7b0000 - 0x000000006d7c2000 	C:\Xilinx\12.4\ISE_DS\ISE\java6\nt64\jre\bin\zip.dll
0x000007fefcca0000 - 0x000007fefccb8000 	C:\Windows\system32\CRYPTSP.dll
0x000007fefc9a0000 - 0x000007fefc9e7000 	C:\Windows\system32\rsaenh.dll
0x000007fefd520000 - 0x000007fefd53e000 	C:\Windows\system32\USERENV.dll
0x000007fefd470000 - 0x000007fefd47f000 	C:\Windows\system32\profapi.dll
0x000007fefd300000 - 0x000007fefd30f000 	C:\Windows\system32\CRYPTBASE.dll
0x000000006d600000 - 0x000000006d617000 	C:\Xilinx\12.4\ISE_DS\ISE\java6\nt64\jre\bin\net.dll
0x000007feff080000 - 0x000007feff0cd000 	C:\Windows\system32\WS2_32.dll
0x000007fefd9d0000 - 0x000007fefd9d8000 	C:\Windows\system32\NSI.dll
0x000007fefcc40000 - 0x000007fefcc95000 	C:\Windows\system32\mswsock.dll
0x000007fefcc30000 - 0x000007fefcc37000 	C:\Windows\System32\wship6.dll
0x000007fefb060000 - 0x000007fefb075000 	C:\Windows\system32\NLAapi.dll
0x000007fef9ce0000 - 0x000007fef9cf5000 	C:\Windows\system32\napinsp.dll
0x000007fef9070000 - 0x000007fef9089000 	C:\Windows\system32\pnrpnsp.dll
0x000007fefcac0000 - 0x000007fefcb1b000 	C:\Windows\system32\DNSAPI.dll
0x000007fef8220000 - 0x000007fef822b000 	C:\Windows\System32\winrnr.dll
0x000007fefc200000 - 0x000007fefc207000 	C:\Windows\System32\wshtcpip.dll
0x000007fefa8a0000 - 0x000007fefa8c7000 	C:\Windows\system32\IPHLPAPI.DLL
0x000007fefa880000 - 0x000007fefa88b000 	C:\Windows\system32\WINNSI.DLL
0x000007fef9d10000 - 0x000007fef9d18000 	C:\Windows\system32\rasadhlp.dll
0x000007fefa780000 - 0x000007fefa7d3000 	C:\Windows\System32\fwpuclnt.dll
0x0000000072000000 - 0x0000000072019000 	C:\Xilinx\12.4\ISE_DS\EDK\eclipse\nt64\eclipse\plugins\org.eclipse.equinox.launcher.win32.win32.x86_64_1.0.200.v20090519\eclipse_1206.dll
0x000007fefbd30000 - 0x000007fefbf24000 	C:\Windows\WinSxS\amd64_microsoft.windows.common-controls_6595b64144ccf1df_6.0.7601.18837_none_fa3b1e3d17594757\COMCTL32.dll
0x000007feff000000 - 0x000007feff071000 	C:\Windows\system32\SHLWAPI.dll
0x000007fefc610000 - 0x000007fefc61c000 	C:\Windows\system32\VERSION.dll
0x000007fefbcd0000 - 0x000007fefbd26000 	C:\Windows\system32\uxtheme.dll
0x000007feff0d0000 - 0x000007feff2d3000 	C:\Windows\system32\ole32.dll
0x000007fefd9e0000 - 0x000007fefda79000 	C:\Windows\system32\CLBCatQ.DLL
0x000007feff2e0000 - 0x000007feff3b8000 	C:\Windows\system32\OLEAUT32.dll

VM Arguments:
jvm_args: -Dfile.encoding=UTF-8 -Dcom.xilinx.sdk.args.hwspec=C:\bricks\SDK\SDK_Export\hw\system.xml -XX:MaxPermSize=256m 
java_command: C:\Xilinx\12.4\ISE_DS\EDK\eclipse\nt64\eclipse\\plugins/org.eclipse.equinox.launcher_1.0.201.R35x_v20090715.jar -os win32 -ws win32 -arch x86_64 -showsplash -launcher C:\Xilinx\12.4\ISE_DS\EDK\eclipse\nt64\eclipse\eclipse.exe -name Eclipse --launcher.library C:\Xilinx\12.4\ISE_DS\EDK\eclipse\nt64\eclipse\\plugins/org.eclipse.equinox.launcher.win32.win32.x86_64_1.0.200.v20090519\eclipse_1206.dll -startup C:\Xilinx\12.4\ISE_DS\EDK\eclipse\nt64\eclipse\\plugins/org.eclipse.equinox.launcher_1.0.201.R35x_v20090715.jar -exitdata da0_5c -data C:\bricks\SDK\SDK_Workspace_35\ -vm C:\Xilinx\12.4\ISE_DS\ISE\java6\nt64\jre\bin\java.exe -vmargs -Dfile.encoding=UTF-8 -Dcom.xilinx.sdk.args.hwspec=C:\bricks\SDK\SDK_Export\hw\system.xml -XX:MaxPermSize=256m -jar C:\Xilinx\12.4\ISE_DS\EDK\eclipse\nt64\eclipse\\plugins/org.eclipse.equinox.launcher_1.0.201.R35x_v20090715.jar
Launcher Type: SUN_STANDARD

Environment Variables:
PATH=C:\Xilinx\12.4\ISE_DS\EDK\lib\nt64;C:\Xilinx\12.4\ISE_DS\common\lib\nt64;C:\Xilinx\12.4\ISE_DS\ISE\lib\nt64;C:\Xilinx\12.4\ISE_DS\EDK\bin\nt64;C:\Xilinx\12.4\ISE_DS\common\bin\nt64;C:\Xilinx\12.4\ISE_DS\ISE\bin\nt64;C:\Xilinx\12.4\ISE_DS\EDK\gnu\microblaze\nt64\bin;C:\Xilinx\12.4\ISE_DS\EDK\gnu\powerpc-eabi\nt64\bin;C:\Xilinx\12.4\ISE_DS\EDK\cygwin\bin;C:\Xilinx\12.4\ISE_DS\ISE\\bin\nt64;C:\Xilinx\12.4\ISE_DS\ISE\\lib\nt64;C:\Xilinx\12.4\ISE_DS\PlanAhead\bin;C:\ProgramData\Oracle\Java\javapath;C:\windows\scripts;C:\Program Files (x86)\Microchip\xc16\v1.21\bin;C:\windows\system32;C:\Program Files (x86)\Microsoft SQL Server\100\Tools\Binn\;C:\Program Files\Microsoft SQL Server\100\Tools\Binn\;C:\Program Files\Microsoft SQL Server\100\DTS\Binn\;C:\Tcl\bin;C:\Windows\SysWOW64\;C:\Windows;C:\Windows\SysWOW64\Wbem;C:\Windows\SysWOW64\WindowsPowerShell\v1.0;C:\Windows\system32\;C:\Windows\System32\WindowsPowerShell\v1.0\;C:\Program Files (x86)\Skype\Phone\
USERNAME=cdmvansc
OS=Windows_NT
PROCESSOR_IDENTIFIER=Intel64 Family 6 Model 26 Stepping 5, GenuineIntel



---------------  S Y S T E M  ---------------

OS: Windows 7 Build 7601 Service Pack 1

CPU:total 8 (8 cores per cpu, 2 threads per core) family 6 model 26 stepping 5, cmov, cx8, fxsr, mmx, sse, sse2, sse3, ssse3, sse4.1, sse4.2, ht

Memory: 4k page, physical 6288984k(4310536k free), swap 12576132k(10301228k free)

vm_info: Java HotSpot(TM) 64-Bit Server VM (14.2-b01) for windows-amd64 JRE (1.6.0_16-b01), built on Jul 31 2009 05:24:11 by "java_re" with MS VC++ 8.0

time: Sun May 29 19:29:33 2016
elapsed time: 0 seconds

